{"contracts/Crikz.sol":{"l":{"48":211,"49":209,"50":209,"51":209,"55":11,"59":5,"63":8,"64":6,"65":6,"69":4,"70":4,"71":4,"72":4,"76":252,"77":248,"79":239,"81":239,"82":239,"83":239,"84":239,"86":239,"87":239,"89":239,"95":239,"97":239,"98":239,"99":239,"101":239,"102":239,"106":66,"107":66,"109":66,"110":66,"111":66,"113":66,"114":7,"117":59,"120":59,"122":59,"124":59,"125":59,"127":59,"128":59,"132":56,"133":56,"135":48,"138":48,"139":6,"142":42,"144":42,"145":42,"146":42,"147":42,"149":42,"150":42,"151":42,"153":42,"154":42,"156":42,"160":76,"161":76,"162":76,"166":105,"170":726,"174":1261,"178":0,"182":1261},"path":"/home/crikz/Protocol/contracts/Crikz.sol","s":{"1":211,"2":209,"3":11,"4":5,"5":8,"6":6,"7":252,"8":248,"9":239,"10":239,"11":239,"12":239,"13":239,"14":239,"15":239,"16":239,"17":239,"18":239,"19":66,"20":66,"21":66,"22":66,"23":66,"24":66,"25":59,"26":59,"27":59,"28":59,"29":56,"30":56,"31":48,"32":48,"33":42,"34":42,"35":42,"36":42,"37":42,"38":42,"39":42,"40":42,"41":76,"42":76,"43":105,"44":726,"45":1261,"46":0,"47":1261},"b":{"1":[2,209],"2":[11,4],"3":[5,1],"4":[8,2],"5":[2,6],"6":[4,1],"7":[257,0],"8":[252,5],"9":[4,248],"10":[9,239],"11":[69,0],"12":[66,3],"13":[7,59],"14":[0,59],"15":[58,0],"16":[56,2],"17":[8,48],"18":[6,42],"19":[79,0],"20":[76,3]},"f":{"1":211,"2":11,"3":5,"4":8,"5":4,"6":252,"7":66,"8":56,"9":76,"10":105,"11":726,"12":1261,"13":0,"14":1261},"fnMap":{"1":{"name":"constructor","line":46,"loc":{"start":{"line":43,"column":4},"end":{"line":52,"column":4}}},"2":{"name":"pause","line":54,"loc":{"start":{"line":54,"column":4},"end":{"line":56,"column":4}}},"3":{"name":"unpause","line":58,"loc":{"start":{"line":58,"column":4},"end":{"line":60,"column":4}}},"4":{"name":"setLPPairAddress","line":62,"loc":{"start":{"line":62,"column":4},"end":{"line":66,"column":4}}},"5":{"name":"setProductionFundForTest","line":68,"loc":{"start":{"line":68,"column":4},"end":{"line":73,"column":4}}},"6":{"name":"createOrder","line":75,"loc":{"start":{"line":75,"column":4},"end":{"line":103,"column":4}}},"7":{"name":"claimYield","line":105,"loc":{"start":{"line":105,"column":4},"end":{"line":129,"column":4}}},"8":{"name":"completeOrder","line":131,"loc":{"start":{"line":131,"column":4},"end":{"line":157,"column":4}}},"9":{"name":"fundProductionPool","line":159,"loc":{"start":{"line":159,"column":4},"end":{"line":163,"column":4}}},"10":{"name":"getActiveOrders","line":165,"loc":{"start":{"line":165,"column":4},"end":{"line":167,"column":4}}},"11":{"name":"_transfer","line":169,"loc":{"start":{"line":169,"column":4},"end":{"line":171,"column":4}}},"12":{"name":"_msgSender","line":173,"loc":{"start":{"line":173,"column":4},"end":{"line":175,"column":4}}},"13":{"name":"_msgData","line":177,"loc":{"start":{"line":177,"column":4},"end":{"line":179,"column":4}}},"14":{"name":"_contextSuffixLength","line":181,"loc":{"start":{"line":181,"column":4},"end":{"line":183,"column":4}}}},"statementMap":{"1":{"start":{"line":48,"column":8},"end":{"line":48,"column":64}},"2":{"start":{"line":51,"column":8},"end":{"line":51,"column":42}},"3":{"start":{"line":55,"column":8},"end":{"line":55,"column":15}},"4":{"start":{"line":59,"column":8},"end":{"line":59,"column":17}},"5":{"start":{"line":63,"column":8},"end":{"line":63,"column":58}},"6":{"start":{"line":65,"column":8},"end":{"line":65,"column":48}},"7":{"start":{"line":76,"column":8},"end":{"line":76,"column":47}},"8":{"start":{"line":77,"column":8},"end":{"line":77,"column":81}},"9":{"start":{"line":79,"column":8},"end":{"line":79,"column":72}},"10":{"start":{"line":81,"column":8},"end":{"line":81,"column":38}},"11":{"start":{"line":82,"column":8},"end":{"line":82,"column":67}},"12":{"start":{"line":83,"column":8},"end":{"line":83,"column":67}},"13":{"start":{"line":86,"column":8},"end":{"line":86,"column":68}},"14":{"start":{"line":87,"column":8},"end":{"line":87,"column":48}},"15":{"start":{"line":89,"column":8},"end":{"line":89,"column":3598}},"16":{"start":{"line":95,"column":8},"end":{"line":95,"column":44}},"17":{"start":{"line":97,"column":8},"end":{"line":97,"column":76}},"18":{"start":{"line":102,"column":8},"end":{"line":102,"column":70}},"19":{"start":{"line":106,"column":8},"end":{"line":106,"column":72}},"20":{"start":{"line":107,"column":8},"end":{"line":107,"column":38}},"21":{"start":{"line":109,"column":8},"end":{"line":109,"column":67}},"22":{"start":{"line":110,"column":8},"end":{"line":110,"column":60}},"23":{"start":{"line":111,"column":8},"end":{"line":111,"column":66}},"24":{"start":{"line":113,"column":8},"end":{"line":113,"column":4607}},"25":{"start":{"line":117,"column":8},"end":{"line":117,"column":71}},"26":{"start":{"line":122,"column":8},"end":{"line":122,"column":63}},"27":{"start":{"line":127,"column":8},"end":{"line":127,"column":54}},"28":{"start":{"line":128,"column":8},"end":{"line":128,"column":65}},"29":{"start":{"line":132,"column":8},"end":{"line":132,"column":73}},"30":{"start":{"line":133,"column":8},"end":{"line":133,"column":62}},"31":{"start":{"line":135,"column":8},"end":{"line":135,"column":55}},"32":{"start":{"line":138,"column":8},"end":{"line":138,"column":5589}},"33":{"start":{"line":142,"column":8},"end":{"line":142,"column":72}},"34":{"start":{"line":144,"column":8},"end":{"line":144,"column":38}},"35":{"start":{"line":145,"column":8},"end":{"line":145,"column":60}},"36":{"start":{"line":146,"column":8},"end":{"line":146,"column":67}},"37":{"start":{"line":147,"column":8},"end":{"line":147,"column":54}},"38":{"start":{"line":153,"column":8},"end":{"line":153,"column":46}},"39":{"start":{"line":154,"column":8},"end":{"line":154,"column":54}},"40":{"start":{"line":156,"column":8},"end":{"line":156,"column":84}},"41":{"start":{"line":160,"column":8},"end":{"line":160,"column":53}},"42":{"start":{"line":161,"column":8},"end":{"line":161,"column":72}},"43":{"start":{"line":166,"column":8},"end":{"line":166,"column":37}},"44":{"start":{"line":170,"column":8},"end":{"line":170,"column":40}},"45":{"start":{"line":174,"column":8},"end":{"line":174,"column":42}},"46":{"start":{"line":178,"column":8},"end":{"line":178,"column":40}},"47":{"start":{"line":182,"column":8},"end":{"line":182,"column":52}}},"branchMap":{"1":{"line":48,"type":"if","locations":[{"start":{"line":48,"column":8},"end":{"line":48,"column":8}},{"start":{"line":48,"column":8},"end":{"line":48,"column":8}}]},"2":{"line":54,"type":"if","locations":[{"start":{"line":54,"column":30},"end":{"line":54,"column":30}},{"start":{"line":54,"column":30},"end":{"line":54,"column":30}}]},"3":{"line":58,"type":"if","locations":[{"start":{"line":58,"column":32},"end":{"line":58,"column":32}},{"start":{"line":58,"column":32},"end":{"line":58,"column":32}}]},"4":{"line":62,"type":"if","locations":[{"start":{"line":62,"column":56},"end":{"line":62,"column":56}},{"start":{"line":62,"column":56},"end":{"line":62,"column":56}}]},"5":{"line":63,"type":"if","locations":[{"start":{"line":63,"column":8},"end":{"line":63,"column":8}},{"start":{"line":63,"column":8},"end":{"line":63,"column":8}}]},"6":{"line":68,"type":"if","locations":[{"start":{"line":68,"column":103},"end":{"line":68,"column":103}},{"start":{"line":68,"column":103},"end":{"line":68,"column":103}}]},"7":{"line":75,"type":"if","locations":[{"start":{"line":75,"column":67},"end":{"line":75,"column":67}},{"start":{"line":75,"column":67},"end":{"line":75,"column":67}}]},"8":{"line":75,"type":"if","locations":[{"start":{"line":75,"column":80},"end":{"line":75,"column":80}},{"start":{"line":75,"column":80},"end":{"line":75,"column":80}}]},"9":{"line":76,"type":"if","locations":[{"start":{"line":76,"column":8},"end":{"line":76,"column":8}},{"start":{"line":76,"column":8},"end":{"line":76,"column":8}}]},"10":{"line":77,"type":"if","locations":[{"start":{"line":77,"column":8},"end":{"line":77,"column":8}},{"start":{"line":77,"column":8},"end":{"line":77,"column":8}}]},"11":{"line":105,"type":"if","locations":[{"start":{"line":105,"column":35},"end":{"line":105,"column":35}},{"start":{"line":105,"column":35},"end":{"line":105,"column":35}}]},"12":{"line":105,"type":"if","locations":[{"start":{"line":105,"column":48},"end":{"line":105,"column":48}},{"start":{"line":105,"column":48},"end":{"line":105,"column":48}}]},"13":{"line":113,"type":"if","locations":[{"start":{"line":113,"column":8},"end":{"line":113,"column":8}},{"start":{"line":113,"column":8},"end":{"line":113,"column":8}}]},"14":{"line":122,"type":"if","locations":[{"start":{"line":122,"column":8},"end":{"line":122,"column":8}},{"start":{"line":122,"column":8},"end":{"line":122,"column":8}}]},"15":{"line":131,"type":"if","locations":[{"start":{"line":131,"column":51},"end":{"line":131,"column":51}},{"start":{"line":131,"column":51},"end":{"line":131,"column":51}}]},"16":{"line":131,"type":"if","locations":[{"start":{"line":131,"column":64},"end":{"line":131,"column":64}},{"start":{"line":131,"column":64},"end":{"line":131,"column":64}}]},"17":{"line":133,"type":"if","locations":[{"start":{"line":133,"column":8},"end":{"line":133,"column":8}},{"start":{"line":133,"column":8},"end":{"line":133,"column":8}}]},"18":{"line":138,"type":"if","locations":[{"start":{"line":138,"column":8},"end":{"line":138,"column":8}},{"start":{"line":138,"column":8},"end":{"line":138,"column":8}}]},"19":{"line":159,"type":"if","locations":[{"start":{"line":159,"column":57},"end":{"line":159,"column":57}},{"start":{"line":159,"column":57},"end":{"line":159,"column":57}}]},"20":{"line":159,"type":"if","locations":[{"start":{"line":159,"column":70},"end":{"line":159,"column":70}},{"start":{"line":159,"column":70},"end":{"line":159,"column":70}}]}}},"contracts/libraries/CrikzMath.sol":{"l":{"9":59},"path":"/home/crikz/Protocol/contracts/libraries/CrikzMath.sol","s":{"1":59},"b":{"1":[50,9]},"f":{"1":59},"fnMap":{"1":{"name":"min","line":8,"loc":{"start":{"line":8,"column":4},"end":{"line":10,"column":4}}}},"statementMap":{"1":{"start":{"line":9,"column":8},"end":{"line":9,"column":28}}},"branchMap":{"1":{"line":9,"type":"if","locations":[{"start":{"line":9,"column":23},"end":{"line":9,"column":23}},{"start":{"line":9,"column":27},"end":{"line":9,"column":27}}]}}},"contracts/libraries/OrderManager.sol":{"l":{"33":239,"35":239,"51":42,"54":42,"55":42,"69":2,"71":2,"72":1,"75":1,"89":48,"98":1},"path":"/home/crikz/Protocol/contracts/libraries/OrderManager.sol","s":{"1":239,"2":239,"3":42,"4":42,"5":2,"6":2,"7":1,"8":1,"9":48,"10":1},"b":{"1":[42,0],"2":[1,1]},"f":{"1":239,"2":42,"3":2,"4":48,"5":1},"fnMap":{"1":{"name":"createOrder","line":24,"loc":{"start":{"line":24,"column":4},"end":{"line":42,"column":4}}},"2":{"name":"removeOrder","line":50,"loc":{"start":{"line":50,"column":4},"end":{"line":56,"column":4}}},"3":{"name":"getTimeRemaining","line":64,"loc":{"start":{"line":64,"column":4},"end":{"line":76,"column":4}}},"4":{"name":"isUnlocked","line":84,"loc":{"start":{"line":84,"column":4},"end":{"line":90,"column":4}}},"5":{"name":"getUnlockTime","line":97,"loc":{"start":{"line":97,"column":4},"end":{"line":99,"column":4}}}},"statementMap":{"1":{"start":{"line":33,"column":8},"end":{"line":33,"column":72}},"2":{"start":{"line":35,"column":8},"end":{"line":35,"column":1440}},"3":{"start":{"line":51,"column":8},"end":{"line":51,"column":54}},"4":{"start":{"line":55,"column":8},"end":{"line":55,"column":19}},"5":{"start":{"line":69,"column":8},"end":{"line":69,"column":61}},"6":{"start":{"line":71,"column":8},"end":{"line":71,"column":2653}},"7":{"start":{"line":72,"column":12},"end":{"line":72,"column":20}},"8":{"start":{"line":75,"column":8},"end":{"line":75,"column":39}},"9":{"start":{"line":89,"column":8},"end":{"line":89,"column":62}},"10":{"start":{"line":98,"column":8},"end":{"line":98,"column":47}}},"branchMap":{"1":{"line":51,"type":"if","locations":[{"start":{"line":51,"column":8},"end":{"line":51,"column":8}},{"start":{"line":51,"column":8},"end":{"line":51,"column":8}}]},"2":{"line":71,"type":"if","locations":[{"start":{"line":71,"column":8},"end":{"line":71,"column":8}},{"start":{"line":71,"column":8},"end":{"line":71,"column":8}}]}}},"contracts/libraries/OrderTypes.sol":{"l":{"20":230,"22":230,"28":230,"34":230,"40":230,"46":230,"52":230,"58":230,"64":230,"74":21,"75":21,"76":21,"87":7,"88":7,"92":7,"101":7,"102":7,"103":7,"112":8,"113":7,"114":7},"path":"/home/crikz/Protocol/contracts/libraries/OrderTypes.sol","s":{"1":230,"2":230,"3":21,"4":21,"5":21,"6":7,"7":7,"8":7,"9":7,"10":7,"11":7,"12":8,"13":7,"14":7},"b":{"1":[21,0],"2":[7,0],"3":[7,0],"4":[7,1]},"f":{"1":230,"2":21,"3":7,"4":7,"5":8},"fnMap":{"1":{"name":"initializeOrderTypes","line":19,"loc":{"start":{"line":19,"column":4},"end":{"line":65,"column":4}}},"2":{"name":"getOrderType","line":73,"loc":{"start":{"line":73,"column":4},"end":{"line":77,"column":4}}},"3":{"name":"calculateReputation","line":86,"loc":{"start":{"line":86,"column":4},"end":{"line":93,"column":4}}},"4":{"name":"getLockDuration","line":100,"loc":{"start":{"line":100,"column":4},"end":{"line":104,"column":4}}},"5":{"name":"getTierName","line":111,"loc":{"start":{"line":111,"column":4},"end":{"line":115,"column":4}}}},"statementMap":{"1":{"start":{"line":20,"column":8},"end":{"line":20,"column":33}},"2":{"start":{"line":64,"column":8},"end":{"line":64,"column":20}},"3":{"start":{"line":74,"column":8},"end":{"line":74,"column":61}},"4":{"start":{"line":75,"column":8},"end":{"line":75,"column":58}},"5":{"start":{"line":76,"column":8},"end":{"line":76,"column":27}},"6":{"start":{"line":87,"column":8},"end":{"line":87,"column":70}},"7":{"start":{"line":88,"column":8},"end":{"line":88,"column":65}},"8":{"start":{"line":92,"column":8},"end":{"line":92,"column":63}},"9":{"start":{"line":101,"column":8},"end":{"line":101,"column":70}},"10":{"start":{"line":102,"column":8},"end":{"line":102,"column":65}},"11":{"start":{"line":103,"column":8},"end":{"line":103,"column":37}},"12":{"start":{"line":112,"column":8},"end":{"line":112,"column":70}},"13":{"start":{"line":113,"column":8},"end":{"line":113,"column":65}},"14":{"start":{"line":114,"column":8},"end":{"line":114,"column":29}}},"branchMap":{"1":{"line":74,"type":"if","locations":[{"start":{"line":74,"column":8},"end":{"line":74,"column":8}},{"start":{"line":74,"column":8},"end":{"line":74,"column":8}}]},"2":{"line":87,"type":"if","locations":[{"start":{"line":87,"column":8},"end":{"line":87,"column":8}},{"start":{"line":87,"column":8},"end":{"line":87,"column":8}}]},"3":{"line":101,"type":"if","locations":[{"start":{"line":101,"column":8},"end":{"line":101,"column":8}},{"start":{"line":101,"column":8},"end":{"line":101,"column":8}}]},"4":{"line":112,"type":"if","locations":[{"start":{"line":112,"column":8},"end":{"line":112,"column":8}},{"start":{"line":112,"column":8},"end":{"line":112,"column":8}}]}}},"contracts/libraries/ProductionDistributor.sol":{"l":{"17":423,"18":332,"19":332,"22":91,"23":91,"27":61,"29":61,"30":61},"path":"/home/crikz/Protocol/contracts/libraries/ProductionDistributor.sol","s":{"1":423,"2":332,"3":91,"4":91,"5":30,"6":61},"b":{"1":[332,91],"2":[166,166],"3":[30,61]},"f":{"1":423},"fnMap":{"1":{"name":"updateFund","line":16,"loc":{"start":{"line":16,"column":4},"end":{"line":31,"column":4}}}},"statementMap":{"1":{"start":{"line":17,"column":8},"end":{"line":17,"column":439}},"2":{"start":{"line":19,"column":12},"end":{"line":19,"column":18}},"3":{"start":{"line":22,"column":8},"end":{"line":22,"column":62}},"4":{"start":{"line":23,"column":8},"end":{"line":23,"column":35}},"5":{"start":{"line":23,"column":29},"end":{"line":23,"column":35}},"6":{"start":{"line":27,"column":8},"end":{"line":27,"column":89}}},"branchMap":{"1":{"line":17,"type":"if","locations":[{"start":{"line":17,"column":8},"end":{"line":17,"column":8}},{"start":{"line":17,"column":8},"end":{"line":17,"column":8}}]},"2":{"line":17,"type":"cond-expr","locations":[{"start":{"line":17,"column":12},"end":{"line":17,"column":36}},{"start":{"line":17,"column":41},"end":{"line":17,"column":57}}]},"3":{"line":23,"type":"if","locations":[{"start":{"line":23,"column":8},"end":{"line":23,"column":8}},{"start":{"line":23,"column":8},"end":{"line":23,"column":8}}]}}}}