TN:
SF:/home/crikz/Protocol/contracts/Crikz.sol
FN:46,constructor
FN:54,pause
FN:58,unpause
FN:62,setLPPairAddress
FN:68,setProductionFundForTest
FN:75,createOrder
FN:105,claimYield
FN:131,completeOrder
FN:159,fundProductionPool
FN:165,getActiveOrders
FN:169,_transfer
FN:173,_msgSender
FN:177,_msgData
FN:181,_contextSuffixLength
FNF:14
FNH:13
FNDA:211,constructor
FNDA:11,pause
FNDA:5,unpause
FNDA:8,setLPPairAddress
FNDA:4,setProductionFundForTest
FNDA:252,createOrder
FNDA:66,claimYield
FNDA:56,completeOrder
FNDA:76,fundProductionPool
FNDA:105,getActiveOrders
FNDA:726,_transfer
FNDA:1261,_msgSender
FNDA:0,_msgData
FNDA:1261,_contextSuffixLength
DA:48,211
DA:49,209
DA:50,209
DA:51,209
DA:55,11
DA:59,5
DA:63,8
DA:64,6
DA:65,6
DA:69,4
DA:70,4
DA:71,4
DA:72,4
DA:76,252
DA:77,248
DA:79,239
DA:81,239
DA:82,239
DA:83,239
DA:84,239
DA:86,239
DA:87,239
DA:89,239
DA:95,239
DA:97,239
DA:98,239
DA:99,239
DA:101,239
DA:102,239
DA:106,66
DA:107,66
DA:109,66
DA:110,66
DA:111,66
DA:113,66
DA:114,7
DA:117,59
DA:120,59
DA:122,59
DA:124,59
DA:125,59
DA:127,59
DA:128,59
DA:132,56
DA:133,56
DA:135,48
DA:138,48
DA:139,6
DA:142,42
DA:144,42
DA:145,42
DA:146,42
DA:147,42
DA:149,42
DA:150,42
DA:151,42
DA:153,42
DA:154,42
DA:156,42
DA:160,76
DA:161,76
DA:162,76
DA:166,105
DA:170,726
DA:174,1261
DA:178,0
DA:182,1261
LF:67
LH:66
BRDA:48,1,0,2
BRDA:48,1,1,209
BRDA:54,2,0,11
BRDA:54,2,1,4
BRDA:58,3,0,5
BRDA:58,3,1,1
BRDA:62,4,0,8
BRDA:62,4,1,2
BRDA:63,5,0,2
BRDA:63,5,1,6
BRDA:68,6,0,4
BRDA:68,6,1,1
BRDA:75,7,0,257
BRDA:75,7,1,0
BRDA:75,8,0,252
BRDA:75,8,1,5
BRDA:76,9,0,4
BRDA:76,9,1,248
BRDA:77,10,0,9
BRDA:77,10,1,239
BRDA:105,11,0,69
BRDA:105,11,1,0
BRDA:105,12,0,66
BRDA:105,12,1,3
BRDA:113,13,0,7
BRDA:113,13,1,59
BRDA:122,14,0,0
BRDA:122,14,1,59
BRDA:131,15,0,58
BRDA:131,15,1,0
BRDA:131,16,0,56
BRDA:131,16,1,2
BRDA:133,17,0,8
BRDA:133,17,1,48
BRDA:138,18,0,6
BRDA:138,18,1,42
BRDA:159,19,0,79
BRDA:159,19,1,0
BRDA:159,20,0,76
BRDA:159,20,1,3
BRF:40
BRH:35
end_of_record
TN:
SF:/home/crikz/Protocol/contracts/libraries/CrikzMath.sol
FN:8,min
FNF:1
FNH:1
FNDA:59,min
DA:9,59
LF:1
LH:1
BRDA:9,1,0,50
BRDA:9,1,1,9
BRF:2
BRH:2
end_of_record
TN:
SF:/home/crikz/Protocol/contracts/libraries/OrderManager.sol
FN:24,createOrder
FN:50,removeOrder
FN:64,getTimeRemaining
FN:84,isUnlocked
FN:97,getUnlockTime
FNF:5
FNH:5
FNDA:239,createOrder
FNDA:42,removeOrder
FNDA:2,getTimeRemaining
FNDA:48,isUnlocked
FNDA:1,getUnlockTime
DA:33,239
DA:35,239
DA:51,42
DA:54,42
DA:55,42
DA:69,2
DA:71,2
DA:72,1
DA:75,1
DA:89,48
DA:98,1
LF:11
LH:11
BRDA:51,1,0,42
BRDA:51,1,1,0
BRDA:71,2,0,1
BRDA:71,2,1,1
BRF:4
BRH:3
end_of_record
TN:
SF:/home/crikz/Protocol/contracts/libraries/OrderTypes.sol
FN:19,initializeOrderTypes
FN:73,getOrderType
FN:86,calculateReputation
FN:100,getLockDuration
FN:111,getTierName
FNF:5
FNH:5
FNDA:230,initializeOrderTypes
FNDA:21,getOrderType
FNDA:7,calculateReputation
FNDA:7,getLockDuration
FNDA:8,getTierName
DA:20,230
DA:22,230
DA:28,230
DA:34,230
DA:40,230
DA:46,230
DA:52,230
DA:58,230
DA:64,230
DA:74,21
DA:75,21
DA:76,21
DA:87,7
DA:88,7
DA:92,7
DA:101,7
DA:102,7
DA:103,7
DA:112,8
DA:113,7
DA:114,7
LF:21
LH:21
BRDA:74,1,0,21
BRDA:74,1,1,0
BRDA:87,2,0,7
BRDA:87,2,1,0
BRDA:101,3,0,7
BRDA:101,3,1,0
BRDA:112,4,0,7
BRDA:112,4,1,1
BRF:8
BRH:5
end_of_record
TN:
SF:/home/crikz/Protocol/contracts/libraries/ProductionDistributor.sol
FN:16,updateFund
FNF:1
FNH:1
FNDA:423,updateFund
DA:17,423
DA:18,332
DA:19,332
DA:22,91
DA:23,91
DA:27,61
DA:29,61
DA:30,61
LF:8
LH:8
BRDA:17,1,0,332
BRDA:17,1,1,91
BRDA:17,2,0,166
BRDA:17,2,1,166
BRDA:23,3,0,30
BRDA:23,3,1,61
BRF:6
BRH:6
end_of_record
